2024-07-31 03:09:21,580 - ERROR - An error occurred: Invalid URL 'http:..google.com': No host supplied
2024-07-31 03:09:41,375 - ERROR - Request timed out
2024-07-31 03:09:56,766 - ERROR - Request timed out
2024-07-31 03:10:19,321 - ERROR - Request timed out
2024-07-31 03:11:55,366 - ERROR - Request timed out
2024-07-31 03:13:56,142 - ERROR - Connection error occurred
2024-07-31 03:16:36,244 - ERROR - Request timed out
2024-07-31 04:22:00,216 - ERROR - Database error: no such table: proxies
2024-07-31 04:23:05,009 - ERROR - Database error: no such table: proxies
2024-07-31 04:23:05,009 - ERROR - Error processing request: list index out of range
2024-07-31 04:23:08,632 - ERROR - Database error: no such table: proxies
2024-07-31 04:23:08,657 - ERROR - Error processing request: list index out of range
2024-07-31 04:24:43,499 - ERROR - Database error: no such table: proxies
2024-07-31 04:24:43,506 - ERROR - Error processing request: list index out of range
2024-07-31 04:24:45,450 - ERROR - Database error: no such table: proxies
2024-07-31 04:24:45,459 - ERROR - Error processing request: list index out of range
2024-07-31 04:24:50,928 - ERROR - Database error: no such table: proxies
2024-07-31 04:24:50,928 - ERROR - Error processing request: list index out of range
2024-07-31 04:25:03,778 - ERROR - Database error: no such table: proxies
2024-07-31 04:25:03,778 - ERROR - Error processing request: list index out of range
2024-07-31 04:25:41,629 - ERROR - Database error: no such table: proxies
2024-07-31 04:25:41,644 - ERROR - Error processing request: list index out of range
2024-07-31 04:25:43,435 - ERROR - Database error: no such table: proxies
2024-07-31 04:25:43,435 - ERROR - Error processing request: list index out of range
2024-07-31 04:26:22,976 - ERROR - Database error: no such table: proxies
2024-07-31 04:26:22,982 - ERROR - Error processing request: list index out of range
2024-07-31 04:27:28,685 - ERROR - Database error: no such table: proxies
2024-07-31 04:27:28,685 - ERROR - Error processing request: list index out of range
2024-07-31 04:27:43,164 - ERROR - Database error: no such table: proxies
2024-07-31 04:27:43,179 - ERROR - Error processing request: list index out of range
2024-07-31 04:27:49,453 - ERROR - Database error: no such table: proxies
2024-07-31 04:27:49,453 - ERROR - Error processing request: list index out of range
2024-07-31 04:29:07,065 - ERROR - Connection error occurred
